#========================================================================================
#                     Free energy perturbation    
#----------------------------------------------------------------------------------------
#forward/backward          λ              ΔΔA                 ΔA                  δε   
#                                                 
#----------------------------------------------------------------------------------------
forward:               0.0000              0.0000              0.0000              0.0000  
forward:               0.0500              1.0539              1.0539              0.0215  
forward:               0.1000              0.9301              1.9839              0.0293  
forward:               0.1500              0.8660              2.8499              0.0366  
forward:               0.2000              0.7104              3.5603              0.0412  
forward:               0.2500              0.6042              4.1645              0.0434  
forward:               0.3000              0.4951              4.6595              0.0477  
forward:               0.3500              0.3477              5.0072              0.0522  
forward:               0.4000              0.3106              5.3178              0.0603  
forward:               0.4500              0.2933              5.6112              0.0645  
forward:               0.5000              0.2130              5.8241              0.0676  
forward:               0.5500              0.2356              6.0597              0.0723  
forward:               0.6000              0.2282              6.2879              0.0769  
forward:               0.6500              0.1548              6.4427              0.0810  
forward:               0.7000              0.0196              6.4624              0.0850  
forward:               0.7500             -0.0573              6.4050              0.0879  
forward:               0.8000             -0.1174              6.2876              0.0957  
forward:               0.8500             -0.2379              6.0497              0.1026  
forward:               0.9000             -0.1821              5.8677              0.1099  
forward:               0.9500             -0.4554              5.4123              0.1269  
forward:               1.0000             -0.6296              4.7826              0.1462  
backward:              1.0000              0.0000              4.7826              0.0000  
backward:              0.9500              0.8069              5.5895              0.0557  
backward:              0.9000              0.3788              5.9683              0.0659  
backward:              0.8500              0.2913              6.2595              0.0740  
backward:              0.8000              0.1929              6.4524              0.0791  
backward:              0.7500              0.0996              6.5520              0.0823  
backward:              0.7000              0.0106              6.5626              0.0940  
backward:              0.6500             -0.0554              6.5072              0.1000  
backward:              0.6000             -0.1795              6.3277              0.1036  
backward:              0.5500             -0.1995              6.1282              0.1053  
backward:              0.5000             -0.2357              5.8924              0.1064  
backward:              0.4500             -0.2688              5.6236              0.1084  
backward:              0.4000             -0.2836              5.3400              0.1127  
backward:              0.3500             -0.2540              5.0860              0.1149  
backward:              0.3000             -0.2781              4.8079              0.1186  
backward:              0.2500             -0.4943              4.3136              0.1192  
backward:              0.2000             -0.5903              3.7233              0.1203  
backward:              0.1500             -0.7269              2.9964              0.1217  
backward:              0.1000             -0.8202              2.1762              0.1237  
backward:              0.0500             -0.9637              1.2125              0.1250  
backward:              0.0000             -1.0684              0.1440              0.1276  
Inaccuracy estimation
======================================================================================================
                   i        i+δi          P0_overlap_P1   δε(forward)/ε   δε(backward)/ε
======================================================================================================
inaccuracy:  0.00000        0.05000           81.68            0.01            0.05
inaccuracy:  0.05000        0.10000           86.83            0.01            0.05
inaccuracy:  0.10000        0.15000           73.51            0.00            0.06
inaccuracy:  0.15000        0.20000           85.20            0.00            0.04
inaccuracy:  0.20000        0.25000           81.63            0.00            0.06
inaccuracy:  0.25000        0.30000           84.88           -0.00            0.05
inaccuracy:  0.30000        0.35000           63.66           -0.18            0.07
inaccuracy:  0.35000        0.40000           62.71           -0.16            0.06
inaccuracy:  0.40000        0.45000           67.96           -0.16            0.07
inaccuracy:  0.45000        0.50000           71.41           -0.11            0.03
inaccuracy:  0.50000        0.55000           67.48           -0.13            0.04
inaccuracy:  0.55000        0.60000           68.91           -0.17            0.06
inaccuracy:  0.60000        0.65000           73.13           -0.15            0.07
inaccuracy:  0.65000        0.70000           68.71           -0.17            0.04
inaccuracy:  0.70000        0.75000           78.21           -0.18            0.04
inaccuracy:  0.75000        0.80000           71.36           -0.19            0.02
inaccuracy:  0.80000        0.85000           69.63           -0.24            0.06
inaccuracy:  0.85000        0.90000           58.21           -0.52            0.03
inaccuracy:  0.90000        0.95000           62.53           -0.46            0.04
inaccuracy:  0.95000        1.00000           44.39           -1.38            0.07
#==================================================
#        G-C expansion    
#--------------------------------------------------
#forward/backward                ΔΔA             ΔA
#                          
#--------------------------------------------------
for/back:  gc:              0.0000           0.0000      
forward:   gc:                 nan           0.0000
forward:   gc:                 nan           0.0000
forward:   gc:                 nan           0.0000
forward:   gc:                 nan           0.0000
forward:   gc:                 nan           0.0000
forward:   gc:              1.4110           1.4110
forward:   gc:              1.1257           2.5367
forward:   gc:              1.0115           3.5482
forward:   gc:              0.8766           4.4248
forward:   gc:              0.6189           5.0437
forward:   gc:              0.6467           5.6904
forward:   gc:              0.5770           6.2674
forward:   gc:              0.4321           6.6995
forward:   gc:              0.2236           6.9231
forward:   gc:              0.0514           6.9745
forward:   gc:              0.0127           6.9872
forward:   gc:             -0.0709           6.9163
forward:   gc:             -0.0535           6.8629
forward:   gc:             -0.1919           6.6709
forward:   gc:             -0.2898           6.3812
backward:  gc:                 nan           6.3812
backward:  gc:                 nan           6.3812
backward:  gc:                 nan           6.3812
backward:  gc:              0.8727           7.2539
backward:  gc:              0.3782           7.6321
backward:  gc:              0.1800           7.8121
backward:  gc:              0.1442           7.9562
backward:  gc:             -0.0563           7.8999
backward:  gc:             -0.0704           7.8295
backward:  gc:             -0.1152           7.7143
backward:  gc:             -0.1399           7.5744
backward:  gc:             -0.1601           7.4143
backward:  gc:             -0.1210           7.2933
backward:  gc:             -0.1348           7.1585
backward:  gc:             -0.3505           6.8079
backward:  gc:             -0.4020           6.4059
backward:  gc:             -0.4688           5.9371
backward:  gc:             -0.5101           5.4270
backward:  gc:             -0.5710           4.8560
backward:  gc:             -0.6109           4.2451
  
===================================================================================================================================
                BAR        
-----------------------------------------------------------------------------------------------------------------------------------
BAR-estimator:         λ             λ+δλ          ΔΔA             ΔA            C               Δδe            δe       
                          
-----------------------------------------------------------------------------------------------------------------------------------
BAR-estimator:      0.00000        0.05000        1.0569         1.0569         1.0569         0.0139         0.0139 
BAR-estimator:      0.05000        0.10000        0.9450         2.0019         0.9450         0.0136         0.0195 
BAR-estimator:      0.10000        0.15000        0.8424         2.8443         0.8424         0.0144         0.0242 
BAR-estimator:      0.15000        0.20000        0.7193         3.5636         0.7193         0.0098         0.0261 
BAR-estimator:      0.20000        0.25000        0.5975         4.1611         0.5975         0.0115         0.0285 
BAR-estimator:      0.25000        0.30000        0.4947         4.6558         0.4947         0.0170         0.0332 
BAR-estimator:      0.30000        0.35000        0.2903         4.9461         0.2903         0.0191         0.0383 
BAR-estimator:      0.35000        0.40000        0.2800         5.2261         0.2800         0.0203         0.0434 
BAR-estimator:      0.40000        0.45000        0.2845         5.5106         0.2845         0.0133         0.0454 
BAR-estimator:      0.45000        0.50000        0.2415         5.7521         0.2415         0.0126         0.0471 
BAR-estimator:      0.50000        0.55000        0.2352         5.9873         0.2352         0.0145         0.0493 
BAR-estimator:      0.55000        0.60000        0.1996         6.1869         0.1996         0.0210         0.0535 
BAR-estimator:      0.60000        0.65000        0.1658         6.3527         0.1658         0.0155         0.0557 
BAR-estimator:      0.65000        0.70000        0.0347         6.3874         0.0347         0.0200         0.0592 
BAR-estimator:      0.70000        0.75000       -0.0417         6.3458        -0.0417         0.0152         0.0611 
BAR-estimator:      0.75000        0.80000       -0.1064         6.2394        -0.1064         0.0196         0.0642 
BAR-estimator:      0.80000        0.85000       -0.2008         6.0386        -0.2008         0.0241         0.0686 
BAR-estimator:      0.85000        0.90000       -0.2822         5.7564        -0.2822         0.0297         0.0747 
BAR-estimator:      0.90000        0.95000       -0.4062         5.3502        -0.4062         0.0292         0.0802 
BAR-estimator:      0.95000        1.00000       -0.7799         4.5703        -0.7799         0.0449         0.0920 
BAR-estimator: total free energy change is 4.5702755389526315 , total error is 0.09195325588417473
