  0.0000   0.0000   0.0000   0.0000
  0.0500   1.0539   1.0539   0.0215
  0.1000   0.9301   1.9839   0.0293
  0.1500   0.8660   2.8499   0.0366
  0.2000   0.7104   3.5603   0.0412
  0.2500   0.6042   4.1645   0.0434
  0.3000   0.4951   4.6595   0.0477
  0.3500   0.3477   5.0072   0.0522
  0.4000   0.3106   5.3178   0.0603
  0.4500   0.2933   5.6112   0.0645
  0.5000   0.2130   5.8241   0.0676
  0.5500   0.2356   6.0597   0.0723
  0.6000   0.2282   6.2879   0.0769
  0.6500   0.1548   6.4427   0.0810
  0.7000   0.0196   6.4624   0.0850
  0.7500  -0.0573   6.4050   0.0879
  0.8000  -0.1174   6.2876   0.0957
  0.8500  -0.2379   6.0497   0.1026
  0.9000  -0.1821   5.8677   0.1099
  0.9500  -0.4554   5.4123   0.1269
  1.0000  -0.6296   4.7826   0.1462
