  1.0000   0.0000   4.7826   0.0000
  0.9500   0.8069   5.5895   0.0557
  0.9000   0.3788   5.9683   0.0659
  0.8500   0.2913   6.2595   0.0740
  0.8000   0.1929   6.4524   0.0791
  0.7500   0.0996   6.5520   0.0823
  0.7000   0.0106   6.5626   0.0940
  0.6500  -0.0554   6.5072   0.1000
  0.6000  -0.1795   6.3277   0.1036
  0.5500  -0.1995   6.1282   0.1053
  0.5000  -0.2357   5.8924   0.1064
  0.4500  -0.2688   5.6236   0.1084
  0.4000  -0.2836   5.3400   0.1127
  0.3500  -0.2540   5.0860   0.1149
  0.3000  -0.2781   4.8079   0.1186
  0.2500  -0.4943   4.3136   0.1192
  0.2000  -0.5903   3.7233   0.1203
  0.1500  -0.7269   2.9964   0.1217
  0.1000  -0.8202   2.1762   0.1237
  0.0500  -0.9637   1.2125   0.1250
  0.0000  -1.0684   0.1440   0.1276
